# JRE version: Java(TM) SE Runtime Environment 18.9 (11.0.18+9) (build 11.0.18+9-LTS-195)
# Java VM: Java HotSpot(TM) 64-Bit Server VM 18.9 (11.0.18+9-LTS-195, mixed mode, tiered, compressed oops, g1 gc, windows-amd64)
Heap:
 garbage-first heap   total 601088K, used 147954K [0x0000000706600000, 0x0000000800000000)
  region size 1024K, 3 young (3072K), 1 survivors (1024K)
 Metaspace       used 20780K, capacity 21163K, committed 21552K, reserved 1069056K
  class space    used 1900K, capacity 2077K, committed 2176K, reserved 1048576K
GC Heap History (10 events):
Event: 0.468 GC heap before
{Heap before GC invocations=3 (full 0):
 garbage-first heap   total 256000K, used 84042K [0x0000000706600000, 0x0000000800000000)
  region size 1024K, 28 young (28672K), 4 survivors (4096K)
 Metaspace       used 10729K, capacity 11040K, committed 11264K, reserved 1058816K
  class space    used 1069K, capacity 1225K, committed 1280K, reserved 1048576K
}
Event: 0.489 GC heap after
{Heap after GC invocations=4 (full 0):
 garbage-first heap   total 256000K, used 86016K [0x0000000706600000, 0x0000000800000000)
  region size 1024K, 4 young (4096K), 4 survivors (4096K)
 Metaspace       used 10729K, capacity 11040K, committed 11264K, reserved 1058816K
  class space    used 1069K, capacity 1225K, committed 1280K, reserved 1048576K
}
Event: 0.492 GC heap before
{Heap before GC invocations=4 (full 0):
 garbage-first heap   total 256000K, used 110592K [0x0000000706600000, 0x0000000800000000)
  region size 1024K, 28 young (28672K), 4 survivors (4096K)
 Metaspace       used 10729K, capacity 11040K, committed 11264K, reserved 1058816K
  class space    used 1069K, capacity 1225K, committed 1280K, reserved 1048576K
}
Event: 0.539 GC heap after
{Heap after GC invocations=5 (full 0):
 garbage-first heap   total 601088K, used 112128K [0x0000000706600000, 0x0000000800000000)
  region size 1024K, 4 young (4096K), 4 survivors (4096K)
 Metaspace       used 10729K, capacity 11040K, committed 11264K, reserved 1058816K
  class space    used 1069K, capacity 1225K, committed 1280K, reserved 1048576K
}
Event: 0.577 GC heap before
{Heap before GC invocations=5 (full 0):
 garbage-first heap   total 601088K, used 137728K [0x0000000706600000, 0x0000000800000000)
  region size 1024K, 29 young (29696K), 4 survivors (4096K)
 Metaspace       used 10729K, capacity 11040K, committed 11264K, reserved 1058816K
  class space    used 1069K, capacity 1225K, committed 1280K, reserved 1048576K
}
Event: 0.601 GC heap after
{Heap after GC invocations=6 (full 0):
 garbage-first heap   total 601088K, used 139264K [0x0000000706600000, 0x0000000800000000)
  region size 1024K, 4 young (4096K), 4 survivors (4096K)
 Metaspace       used 10729K, capacity 11040K, committed 11264K, reserved 1058816K
  class space    used 1069K, capacity 1225K, committed 1280K, reserved 1048576K
}
Event: 2.308 GC heap before
{Heap before GC invocations=6 (full 0):
 garbage-first heap   total 601088K, used 164864K [0x0000000706600000, 0x0000000800000000)
  region size 1024K, 29 young (29696K), 4 survivors (4096K)
 Metaspace       used 18129K, capacity 18491K, committed 18688K, reserved 1067008K
  class space    used 1601K, capacity 1759K, committed 1792K, reserved 1048576K
}
Event: 2.318 GC heap after
{Heap after GC invocations=7 (full 0):
 garbage-first heap   total 601088K, used 142336K [0x0000000706600000, 0x0000000800000000)
  region size 1024K, 3 young (3072K), 3 survivors (3072K)
 Metaspace       used 18129K, capacity 18491K, committed 18688K, reserved 1067008K
  class space    used 1601K, capacity 1759K, committed 1792K, reserved 1048576K
}
Event: 2.538 GC heap before
{Heap before GC invocations=7 (full 0):
 garbage-first heap   total 601088K, used 150528K [0x0000000706600000, 0x0000000800000000)
  region size 1024K, 9 young (9216K), 3 survivors (3072K)
 Metaspace       used 20690K, capacity 21095K, committed 21296K, reserved 1069056K
  class space    used 1892K, capacity 2076K, committed 2176K, reserved 1048576K
}
Event: 2.541 GC heap after
{Heap after GC invocations=8 (full 0):
 garbage-first heap   total 601088K, used 146930K [0x0000000706600000, 0x0000000800000000)
  region size 1024K, 1 young (1024K), 1 survivors (1024K)
 Metaspace       used 20690K, capacity 21095K, committed 21296K, reserved 1069056K
  class space    used 1892K, capacity 2076K, committed 2176K, reserved 1048576K
}

