# JRE version: Java(TM) SE Runtime Environment 18.9 (11.0.18+9) (build 11.0.18+9-LTS-195)
# Java VM: Java HotSpot(TM) 64-Bit Server VM 18.9 (11.0.18+9-LTS-195, mixed mode, tiered, compressed oops, g1 gc, windows-amd64)
Heap:
 garbage-first heap   total 436224K, used 147238K [0x0000000706600000, 0x0000000800000000)
  region size 1024K, 5 young (5120K), 3 survivors (3072K)
 Metaspace       used 20765K, capacity 21163K, committed 21552K, reserved 1069056K
  class space    used 1899K, capacity 2077K, committed 2176K, reserved 1048576K
GC Heap History (10 events):
Event: 0.355 GC heap before
{Heap before GC invocations=2 (full 0):
 garbage-first heap   total 256000K, used 61083K [0x0000000706600000, 0x0000000800000000)
  region size 1024K, 30 young (30720K), 2 survivors (2048K)
 Metaspace       used 10725K, capacity 11040K, committed 11264K, reserved 1058816K
  class space    used 1068K, capacity 1225K, committed 1280K, reserved 1048576K
}
Event: 0.363 GC heap after
{Heap after GC invocations=3 (full 0):
 garbage-first heap   total 256000K, used 61324K [0x0000000706600000, 0x0000000800000000)
  region size 1024K, 4 young (4096K), 4 survivors (4096K)
 Metaspace       used 10725K, capacity 11040K, committed 11264K, reserved 1058816K
  class space    used 1068K, capacity 1225K, committed 1280K, reserved 1048576K
}
Event: 0.366 GC heap before
{Heap before GC invocations=3 (full 0):
 garbage-first heap   total 256000K, used 86924K [0x0000000706600000, 0x0000000800000000)
  region size 1024K, 29 young (29696K), 4 survivors (4096K)
 Metaspace       used 10726K, capacity 11040K, committed 11264K, reserved 1058816K
  class space    used 1068K, capacity 1225K, committed 1280K, reserved 1048576K
}
Event: 0.370 GC heap after
{Heap after GC invocations=4 (full 0):
 garbage-first heap   total 256000K, used 87552K [0x0000000706600000, 0x0000000800000000)
  region size 1024K, 4 young (4096K), 4 survivors (4096K)
 Metaspace       used 10726K, capacity 11040K, committed 11264K, reserved 1058816K
  class space    used 1068K, capacity 1225K, committed 1280K, reserved 1048576K
}
Event: 0.372 GC heap before
{Heap before GC invocations=4 (full 0):
 garbage-first heap   total 256000K, used 113152K [0x0000000706600000, 0x0000000800000000)
  region size 1024K, 29 young (29696K), 4 survivors (4096K)
 Metaspace       used 10726K, capacity 11040K, committed 11264K, reserved 1058816K
  class space    used 1068K, capacity 1225K, committed 1280K, reserved 1048576K
}
Event: 0.388 GC heap after
{Heap after GC invocations=5 (full 0):
 garbage-first heap   total 436224K, used 114688K [0x0000000706600000, 0x0000000800000000)
  region size 1024K, 4 young (4096K), 4 survivors (4096K)
 Metaspace       used 10726K, capacity 11040K, committed 11264K, reserved 1058816K
  class space    used 1068K, capacity 1225K, committed 1280K, reserved 1048576K
}
Event: 0.449 GC heap before
{Heap before GC invocations=5 (full 0):
 garbage-first heap   total 436224K, used 139264K [0x0000000706600000, 0x0000000800000000)
  region size 1024K, 28 young (28672K), 4 survivors (4096K)
 Metaspace       used 11658K, capacity 11936K, committed 12160K, reserved 1060864K
  class space    used 1135K, capacity 1289K, committed 1408K, reserved 1048576K
}
Event: 0.457 GC heap after
{Heap after GC invocations=6 (full 0):
 garbage-first heap   total 436224K, used 138752K [0x0000000706600000, 0x0000000800000000)
  region size 1024K, 4 young (4096K), 4 survivors (4096K)
 Metaspace       used 11658K, capacity 11936K, committed 12160K, reserved 1060864K
  class space    used 1135K, capacity 1289K, committed 1408K, reserved 1048576K
}
Event: 2.215 GC heap before
{Heap before GC invocations=6 (full 0):
 garbage-first heap   total 436224K, used 167424K [0x0000000706600000, 0x0000000800000000)
  region size 1024K, 30 young (30720K), 4 survivors (4096K)
 Metaspace       used 20697K, capacity 21098K, committed 21296K, reserved 1069056K
  class space    used 1895K, capacity 2077K, committed 2176K, reserved 1048576K
}
Event: 2.219 GC heap after
{Heap after GC invocations=7 (full 0):
 garbage-first heap   total 436224K, used 146214K [0x0000000706600000, 0x0000000800000000)
  region size 1024K, 3 young (3072K), 3 survivors (3072K)
 Metaspace       used 20697K, capacity 21098K, committed 21296K, reserved 1069056K
  class space    used 1895K, capacity 2077K, committed 2176K, reserved 1048576K
}

