# JRE version: Java(TM) SE Runtime Environment 18.9 (11.0.18+9) (build 11.0.18+9-LTS-195)
# Java VM: Java HotSpot(TM) 64-Bit Server VM 18.9 (11.0.18+9-LTS-195, mixed mode, tiered, compressed oops, g1 gc, windows-amd64)
Heap:
 garbage-first heap   total 382976K, used 301945K [0x0000000706600000, 0x0000000800000000)
  region size 1024K, 145 young (148480K), 9 survivors (9216K)
 Metaspace       used 24510K, capacity 24921K, committed 25008K, reserved 1073152K
  class space    used 2116K, capacity 2302K, committed 2304K, reserved 1048576K
GC Heap History (10 events):
Event: 2.387 GC heap before
{Heap before GC invocations=5 (full 0):
 garbage-first heap   total 256000K, used 103764K [0x0000000706600000, 0x0000000800000000)
  region size 1024K, 81 young (82944K), 6 survivors (6144K)
 Metaspace       used 22253K, capacity 22672K, committed 22832K, reserved 1071104K
  class space    used 1956K, capacity 2173K, committed 2176K, reserved 1048576K
}
Event: 2.404 GC heap after
{Heap after GC invocations=6 (full 0):
 garbage-first heap   total 256000K, used 33642K [0x0000000706600000, 0x0000000800000000)
  region size 1024K, 11 young (11264K), 11 survivors (11264K)
 Metaspace       used 22253K, capacity 22672K, committed 22832K, reserved 1071104K
  class space    used 1956K, capacity 2173K, committed 2176K, reserved 1048576K
}
Event: 2.488 GC heap before
{Heap before GC invocations=6 (full 0):
 garbage-first heap   total 256000K, used 123754K [0x0000000706600000, 0x0000000800000000)
  region size 1024K, 89 young (91136K), 11 survivors (11264K)
 Metaspace       used 22264K, capacity 22736K, committed 22832K, reserved 1071104K
  class space    used 1956K, capacity 2173K, committed 2176K, reserved 1048576K
}
Event: 2.511 GC heap after
{Heap after GC invocations=7 (full 0):
 garbage-first heap   total 256000K, used 45035K [0x0000000706600000, 0x0000000800000000)
  region size 1024K, 8 young (8192K), 8 survivors (8192K)
 Metaspace       used 22264K, capacity 22736K, committed 22832K, reserved 1071104K
  class space    used 1956K, capacity 2173K, committed 2176K, reserved 1048576K
}
Event: 2.634 GC heap before
{Heap before GC invocations=7 (full 0):
 garbage-first heap   total 256000K, used 180203K [0x0000000706600000, 0x0000000800000000)
  region size 1024K, 120 young (122880K), 8 survivors (8192K)
 Metaspace       used 22264K, capacity 22736K, committed 22832K, reserved 1071104K
  class space    used 1956K, capacity 2173K, committed 2176K, reserved 1048576K
}
Event: 2.668 GC heap after
{Heap after GC invocations=8 (full 0):
 garbage-first heap   total 382976K, used 67600K [0x0000000706600000, 0x0000000800000000)
  region size 1024K, 10 young (10240K), 10 survivors (10240K)
 Metaspace       used 22264K, capacity 22736K, committed 22832K, reserved 1071104K
  class space    used 1956K, capacity 2173K, committed 2176K, reserved 1048576K
}
Event: 3.216 GC heap before
{Heap before GC invocations=8 (full 0):
 garbage-first heap   total 382976K, used 126992K [0x0000000706600000, 0x0000000800000000)
  region size 1024K, 57 young (58368K), 10 survivors (10240K)
 Metaspace       used 22904K, capacity 23312K, committed 23472K, reserved 1071104K
  class space    used 2024K, capacity 2237K, committed 2304K, reserved 1048576K
}
Event: 3.262 GC heap after
{Heap after GC invocations=9 (full 0):
 garbage-first heap   total 382976K, used 84070K [0x0000000706600000, 0x0000000800000000)
  region size 1024K, 8 young (8192K), 8 survivors (8192K)
 Metaspace       used 22904K, capacity 23312K, committed 23472K, reserved 1071104K
  class space    used 2024K, capacity 2237K, committed 2304K, reserved 1048576K
}
Event: 5.798 GC heap before
{Heap before GC invocations=9 (full 0):
 garbage-first heap   total 382976K, used 331878K [0x0000000706600000, 0x0000000800000000)
  region size 1024K, 201 young (205824K), 8 survivors (8192K)
 Metaspace       used 23474K, capacity 23856K, committed 23984K, reserved 1071104K
  class space    used 2086K, capacity 2269K, committed 2304K, reserved 1048576K
}
Event: 5.805 GC heap after
{Heap after GC invocations=10 (full 0):
 garbage-first heap   total 382976K, used 135033K [0x0000000706600000, 0x0000000800000000)
  region size 1024K, 9 young (9216K), 9 survivors (9216K)
 Metaspace       used 23474K, capacity 23856K, committed 23984K, reserved 1071104K
  class space    used 2086K, capacity 2269K, committed 2304K, reserved 1048576K
}

